2018-11-10 12:09:51.485 INFO  --- [StartupInfoLogger.java:50][restartedMain] - Starting StationApplication on peng-PC with PID 6504 (started by peng in E:\_My_File_____\_work\MyCode\开发utiles\springboot\官方学习\demo-maven)
2018-11-10 12:09:51.485 INFO  --- [SpringApplication.java:675][restartedMain] - No active profile set, falling back to default profiles: default
2018-11-10 12:09:54.948 INFO  --- [StartupInfoLogger.java:59][restartedMain] - Started StationApplication in 4.259 seconds (JVM running for 5.127)
2018-11-10 12:45:47.432 INFO  --- [StartupInfoLogger.java:50][restartedMain] - Starting StationApplication on peng-PC with PID 8276 (started by peng in E:\_My_File_____\_work\MyCode\开发utiles\springboot\官方学习\demo-maven)
2018-11-10 12:45:47.541 INFO  --- [SpringApplication.java:675][restartedMain] - No active profile set, falling back to default profiles: default
2018-11-10 12:45:49.616 INFO  --- [StartupInfoLogger.java:59][restartedMain] - Started StationApplication in 3.167 seconds (JVM running for 3.859)
2018-11-10 17:46:50.439 INFO  --- [StartupInfoLogger.java:50][restartedMain] - Starting StationApplication on peng-PC with PID 10984 (started by peng in E:\_My_File_____\_work\MyCode\开发utiles\springboot\官方学习\demo-maven)
2018-11-10 17:46:50.439 INFO  --- [SpringApplication.java:675][restartedMain] - No active profile set, falling back to default profiles: default
2018-11-10 17:46:58.331 INFO  --- [StartupInfoLogger.java:59][restartedMain] - Started StationApplication in 9.468 seconds (JVM running for 11.413)
2018-11-10 17:48:08.126 INFO  --- [StartupInfoLogger.java:50][restartedMain] - Starting StationApplication on peng-PC with PID 4064 (started by peng in E:\_My_File_____\_work\MyCode\开发utiles\springboot\官方学习\demo-maven)
2018-11-10 17:48:08.141 INFO  --- [SpringApplication.java:675][restartedMain] - No active profile set, falling back to default profiles: default
2018-11-10 17:48:16.796 INFO  --- [StartupInfoLogger.java:59][restartedMain] - Started StationApplication in 10.531 seconds (JVM running for 12.174)
2018-11-10 18:13:17.054 INFO  --- [StartupInfoLogger.java:50][restartedMain] - Starting StationApplication on peng-PC with PID 10512 (started by peng in E:\_My_File_____\_work\MyCode\开发utiles\springboot\官方学习\demo-maven)
2018-11-10 18:13:17.070 INFO  --- [SpringApplication.java:675][restartedMain] - No active profile set, falling back to default profiles: default
2018-11-10 18:13:22.474 INFO  --- [StartupInfoLogger.java:59][restartedMain] - Started StationApplication in 7.604 seconds (JVM running for 8.918)
2018-11-10 18:14:05.637 INFO  --- [StartupInfoLogger.java:50][restartedMain] - Starting StationApplication on peng-PC with PID 9712 (started by peng in E:\_My_File_____\_work\MyCode\开发utiles\springboot\官方学习\demo-maven)
2018-11-10 18:14:05.653 INFO  --- [SpringApplication.java:675][restartedMain] - No active profile set, falling back to default profiles: default
2018-11-10 18:14:11.206 INFO  --- [StartupInfoLogger.java:59][restartedMain] - Started StationApplication in 6.77 seconds (JVM running for 7.976)
2018-11-10 18:20:53.278 INFO  --- [StartupInfoLogger.java:50][restartedMain] - Starting StationApplication on peng-PC with PID 8360 (started by peng in E:\_My_File_____\_work\MyCode\开发utiles\springboot\官方学习\demo-maven)
2018-11-10 18:20:53.289 INFO  --- [SpringApplication.java:675][restartedMain] - No active profile set, falling back to default profiles: default
2018-11-10 18:21:00.563 INFO  --- [StartupInfoLogger.java:59][restartedMain] - Started StationApplication in 10.183 seconds (JVM running for 11.648)
2018-11-10 18:23:24.724 INFO  --- [StartupInfoLogger.java:50][restartedMain] - Starting StationApplication on peng-PC with PID 5940 (started by peng in E:\_My_File_____\_work\MyCode\开发utiles\springboot\官方学习\demo-maven)
2018-11-10 18:23:24.740 INFO  --- [SpringApplication.java:675][restartedMain] - No active profile set, falling back to default profiles: default
2018-11-10 18:23:30.527 INFO  --- [StartupInfoLogger.java:59][restartedMain] - Started StationApplication in 8.424 seconds (JVM running for 9.841)
2018-11-10 18:24:25.149 INFO  --- [StartupInfoLogger.java:50][restartedMain] - Starting StationApplication on peng-PC with PID 10668 (started by peng in E:\_My_File_____\_work\MyCode\开发utiles\springboot\官方学习\demo-maven)
2018-11-10 18:24:25.180 INFO  --- [SpringApplication.java:675][restartedMain] - No active profile set, falling back to default profiles: default
2018-11-10 18:24:32.499 INFO  --- [StartupInfoLogger.java:59][restartedMain] - Started StationApplication in 8.894 seconds (JVM running for 10.297)
2018-11-10 18:24:58.185 INFO  --- [StartupInfoLogger.java:50][restartedMain] - Starting StationApplication on peng-PC with PID 7008 (started by peng in E:\_My_File_____\_work\MyCode\开发utiles\springboot\官方学习\demo-maven)
2018-11-10 18:24:58.200 INFO  --- [SpringApplication.java:675][restartedMain] - No active profile set, falling back to default profiles: default
2018-11-10 18:25:04.019 INFO  --- [StartupInfoLogger.java:59][restartedMain] - Started StationApplication in 8.065 seconds (JVM running for 9.441)
2018-11-10 18:26:45.736 INFO  --- [StartupInfoLogger.java:50][restartedMain] - Starting StationApplication on peng-PC with PID 6180 (started by peng in E:\_My_File_____\_work\MyCode\开发utiles\springboot\官方学习\demo-maven)
2018-11-10 18:26:45.752 INFO  --- [SpringApplication.java:675][restartedMain] - No active profile set, falling back to default profiles: default
2018-11-10 18:26:51.477 INFO  --- [StartupInfoLogger.java:59][restartedMain] - Started StationApplication in 7.55 seconds (JVM running for 10.526)
2018-11-10 18:36:30.701 INFO  --- [StartupInfoLogger.java:50][restartedMain] - Starting StationApplication on peng-PC with PID 5792 (started by peng in E:\_My_File_____\_work\MyCode\开发utiles\springboot\官方学习\demo-maven)
2018-11-10 18:36:30.732 INFO  --- [SpringApplication.java:675][restartedMain] - No active profile set, falling back to default profiles: default
2018-11-10 18:36:35.474 INFO  --- [HikariDataSource.java:110][restartedMain] - HikariPool-1 - Starting...
2018-11-10 18:36:35.599 INFO  --- [PoolBase.java:525][restartedMain] - HikariPool-1 - Driver does not support get/set network timeout for connections. (这个 org.postgresql.jdbc4.Jdbc4Connection.getNetworkTimeout() 方法尚未被实作。)
2018-11-10 18:36:35.646 INFO  --- [HikariDataSource.java:123][restartedMain] - HikariPool-1 - Start completed.
2018-11-10 18:36:35.739 INFO  --- [LogHelper.java:31][restartedMain] - HHH000204: Processing PersistenceUnitInfo [
	name: default
	...]
2018-11-10 18:36:36.036 INFO  --- [Version.java:46][restartedMain] - HHH000412: Hibernate Core {5.3.7.Final}
2018-11-10 18:36:36.036 INFO  --- [Environment.java:213][restartedMain] - HHH000206: hibernate.properties not found
2018-11-10 18:36:36.363 INFO  --- [JavaReflectionManager.java:49][restartedMain] - HCANN000001: Hibernate Commons Annotations {5.0.4.Final}
2018-11-10 18:36:36.613 INFO  --- [Dialect.java:157][restartedMain] - HHH000400: Using dialect: org.hibernate.dialect.PostgreSQL9Dialect
2018-11-10 18:36:36.644 INFO  --- [LobCreatorBuilderImpl.java:63][restartedMain] - HHH000422: Disabling contextual LOB creation as connection was null
2018-11-10 18:36:36.660 INFO  --- [BasicTypeRegistry.java:159][restartedMain] - HHH000270: Type registration [java.util.UUID] overrides previous : org.hibernate.type.UUIDBinaryType@6cb124f8
2018-11-10 18:36:37.580 WARN  --- [SqlExceptionHelper.java:230][restartedMain] - SQL Warning Code: 0, SQLState: 00000
2018-11-10 18:36:37.580 WARN  --- [SqlExceptionHelper.java:231][restartedMain] - table "city" does not exist, skipping
2018-11-10 18:36:37.611 INFO  --- [SchemaCreatorImpl.java:489][restartedMain] - HHH000476: Executing import script 'org.hibernate.tool.schema.internal.exec.ScriptSourceInputNonExistentImpl@2f1b8bcb'
2018-11-10 18:36:38.048 WARN  --- [JpaBaseConfiguration.java:234][restartedMain] - spring.jpa.open-in-view is enabled by default. Therefore, database queries may be performed during view rendering. Explicitly configure spring.jpa.open-in-view to disable this warning
2018-11-10 18:36:38.516 INFO  --- [StartupInfoLogger.java:59][restartedMain] - Started StationApplication in 9.438 seconds (JVM running for 10.611)
2018-11-10 19:17:49.609 INFO  --- [StartupInfoLogger.java:50][restartedMain] - Starting StationApplication on peng-PC with PID 10420 (started by peng in E:\_My_File_____\_work\MyCode\开发utiles\springboot\官方学习\demo-maven)
2018-11-10 19:17:49.624 INFO  --- [SpringApplication.java:675][restartedMain] - No active profile set, falling back to default profiles: default
2018-11-10 19:17:54.074 INFO  --- [HikariDataSource.java:110][restartedMain] - HikariPool-1 - Starting...
2018-11-10 19:17:55.182 ERROR --- [HikariPool.java:574][restartedMain] - HikariPool-1 - Exception during pool initialization.
org.postgresql.util.PSQLException: FATAL: database "station_dev" does not exist
	at org.postgresql.core.v3.ConnectionFactoryImpl.readStartupMessages(ConnectionFactoryImpl.java:684)
	at org.postgresql.core.v3.ConnectionFactoryImpl.openConnectionImpl(ConnectionFactoryImpl.java:199)
	at org.postgresql.core.ConnectionFactory.openConnection(ConnectionFactory.java:66)
	at org.postgresql.jdbc2.AbstractJdbc2Connection.<init>(AbstractJdbc2Connection.java:127)
	at org.postgresql.jdbc3.AbstractJdbc3Connection.<init>(AbstractJdbc3Connection.java:29)
	at org.postgresql.jdbc3g.AbstractJdbc3gConnection.<init>(AbstractJdbc3gConnection.java:21)
	at org.postgresql.jdbc4.AbstractJdbc4Connection.<init>(AbstractJdbc4Connection.java:41)
	at org.postgresql.jdbc4.Jdbc4Connection.<init>(Jdbc4Connection.java:24)
	at org.postgresql.Driver.makeConnection(Driver.java:414)
	at org.postgresql.Driver.connect(Driver.java:282)
	at com.zaxxer.hikari.util.DriverDataSource.getConnection(DriverDataSource.java:136)
	at com.zaxxer.hikari.pool.PoolBase.newConnection(PoolBase.java:369)
	at com.zaxxer.hikari.pool.PoolBase.newPoolEntry(PoolBase.java:198)
	at com.zaxxer.hikari.pool.HikariPool.createPoolEntry(HikariPool.java:467)
	at com.zaxxer.hikari.pool.HikariPool.checkFailFast(HikariPool.java:541)
	at com.zaxxer.hikari.pool.HikariPool.<init>(HikariPool.java:115)
	at com.zaxxer.hikari.HikariDataSource.getConnection(HikariDataSource.java:112)
	at org.springframework.jdbc.datasource.DataSourceUtils.fetchConnection(DataSourceUtils.java:151)
	at org.springframework.jdbc.datasource.DataSourceUtils.doGetConnection(DataSourceUtils.java:115)
	at org.springframework.jdbc.datasource.DataSourceUtils.getConnection(DataSourceUtils.java:78)
	at org.springframework.jdbc.support.JdbcUtils.extractDatabaseMetaData(JdbcUtils.java:319)
	at org.springframework.jdbc.support.JdbcUtils.extractDatabaseMetaData(JdbcUtils.java:356)
	at org.springframework.boot.autoconfigure.orm.jpa.DatabaseLookup.getDatabase(DatabaseLookup.java:72)
	at org.springframework.boot.autoconfigure.orm.jpa.JpaProperties.determineDatabase(JpaProperties.java:142)
	at org.springframework.boot.autoconfigure.orm.jpa.JpaBaseConfiguration.jpaVendorAdapter(JpaBaseConfiguration.java:112)
	at org.springframework.boot.autoconfigure.orm.jpa.HibernateJpaConfiguration$$EnhancerBySpringCGLIB$$aeef71ba.CGLIB$jpaVendorAdapter$4(<generated>)
	at org.springframework.boot.autoconfigure.orm.jpa.HibernateJpaConfiguration$$EnhancerBySpringCGLIB$$aeef71ba$$FastClassBySpringCGLIB$$6b970f8d.invoke(<generated>)
	at org.springframework.cglib.proxy.MethodProxy.invokeSuper(MethodProxy.java:244)
	at org.springframework.context.annotation.ConfigurationClassEnhancer$BeanMethodInterceptor.intercept(ConfigurationClassEnhancer.java:363)
	at org.springframework.boot.autoconfigure.orm.jpa.HibernateJpaConfiguration$$EnhancerBySpringCGLIB$$aeef71ba.jpaVendorAdapter(<generated>)
	at sun.reflect.NativeMethodAccessorImpl.invoke0(Native Method)
	at sun.reflect.NativeMethodAccessorImpl.invoke(Unknown Source)
	at sun.reflect.DelegatingMethodAccessorImpl.invoke(Unknown Source)
	at java.lang.reflect.Method.invoke(Unknown Source)
	at org.springframework.beans.factory.support.SimpleInstantiationStrategy.instantiate(SimpleInstantiationStrategy.java:154)
	at org.springframework.beans.factory.support.ConstructorResolver.instantiate(ConstructorResolver.java:620)
	at org.springframework.beans.factory.support.ConstructorResolver.instantiateUsingFactoryMethod(ConstructorResolver.java:455)
	at org.springframework.beans.factory.support.AbstractAutowireCapableBeanFactory.instantiateUsingFactoryMethod(AbstractAutowireCapableBeanFactory.java:1288)
	at org.springframework.beans.factory.support.AbstractAutowireCapableBeanFactory.createBeanInstance(AbstractAutowireCapableBeanFactory.java:1127)
	at org.springframework.beans.factory.support.AbstractAutowireCapableBeanFactory.doCreateBean(AbstractAutowireCapableBeanFactory.java:538)
	at org.springframework.beans.factory.support.AbstractAutowireCapableBeanFactory.createBean(AbstractAutowireCapableBeanFactory.java:498)
	at org.springframework.beans.factory.support.AbstractBeanFactory.lambda$doGetBean$0(AbstractBeanFactory.java:320)
	at org.springframework.beans.factory.support.AbstractBeanFactory$$Lambda$100/1024096720.getObject(Unknown Source)
	at org.springframework.beans.factory.support.DefaultSingletonBeanRegistry.getSingleton(DefaultSingletonBeanRegistry.java:222)
	at org.springframework.beans.factory.support.AbstractBeanFactory.doGetBean(AbstractBeanFactory.java:318)
	at org.springframework.beans.factory.support.AbstractBeanFactory.getBean(AbstractBeanFactory.java:199)
	at org.springframework.beans.factory.config.DependencyDescriptor.resolveCandidate(DependencyDescriptor.java:273)
	at org.springframework.beans.factory.support.DefaultListableBeanFactory.doResolveDependency(DefaultListableBeanFactory.java:1239)
	at org.springframework.beans.factory.support.DefaultListableBeanFactory.resolveDependency(DefaultListableBeanFactory.java:1166)
	at org.springframework.beans.factory.support.ConstructorResolver.resolveAutowiredArgument(ConstructorResolver.java:855)
	at org.springframework.beans.factory.support.ConstructorResolver.createArgumentArray(ConstructorResolver.java:758)
	at org.springframework.beans.factory.support.ConstructorResolver.instantiateUsingFactoryMethod(ConstructorResolver.java:508)
	at org.springframework.beans.factory.support.AbstractAutowireCapableBeanFactory.instantiateUsingFactoryMethod(AbstractAutowireCapableBeanFactory.java:1288)
	at org.springframework.beans.factory.support.AbstractAutowireCapableBeanFactory.createBeanInstance(AbstractAutowireCapableBeanFactory.java:1127)
	at org.springframework.beans.factory.support.AbstractAutowireCapableBeanFactory.doCreateBean(AbstractAutowireCapableBeanFactory.java:538)
	at org.springframework.beans.factory.support.AbstractAutowireCapableBeanFactory.createBean(AbstractAutowireCapableBeanFactory.java:498)
	at org.springframework.beans.factory.support.AbstractBeanFactory.lambda$doGetBean$0(AbstractBeanFactory.java:320)
	at org.springframework.beans.factory.support.AbstractBeanFactory$$Lambda$100/1024096720.getObject(Unknown Source)
	at org.springframework.beans.factory.support.DefaultSingletonBeanRegistry.getSingleton(DefaultSingletonBeanRegistry.java:222)
	at org.springframework.beans.factory.support.AbstractBeanFactory.doGetBean(AbstractBeanFactory.java:318)
	at org.springframework.beans.factory.support.AbstractBeanFactory.getBean(AbstractBeanFactory.java:199)
	at org.springframework.beans.factory.config.DependencyDescriptor.resolveCandidate(DependencyDescriptor.java:273)
	at org.springframework.beans.factory.support.DefaultListableBeanFactory.doResolveDependency(DefaultListableBeanFactory.java:1239)
	at org.springframework.beans.factory.support.DefaultListableBeanFactory.resolveDependency(DefaultListableBeanFactory.java:1166)
	at org.springframework.beans.factory.support.ConstructorResolver.resolveAutowiredArgument(ConstructorResolver.java:855)
	at org.springframework.beans.factory.support.ConstructorResolver.createArgumentArray(ConstructorResolver.java:758)
	at org.springframework.beans.factory.support.ConstructorResolver.instantiateUsingFactoryMethod(ConstructorResolver.java:508)
	at org.springframework.beans.factory.support.AbstractAutowireCapableBeanFactory.instantiateUsingFactoryMethod(AbstractAutowireCapableBeanFactory.java:1288)
	at org.springframework.beans.factory.support.AbstractAutowireCapableBeanFactory.createBeanInstance(AbstractAutowireCapableBeanFactory.java:1127)
	at org.springframework.beans.factory.support.AbstractAutowireCapableBeanFactory.doCreateBean(AbstractAutowireCapableBeanFactory.java:538)
	at org.springframework.beans.factory.support.AbstractAutowireCapableBeanFactory.createBean(AbstractAutowireCapableBeanFactory.java:498)
	at org.springframework.beans.factory.support.AbstractBeanFactory.lambda$doGetBean$0(AbstractBeanFactory.java:320)
	at org.springframework.beans.factory.support.AbstractBeanFactory$$Lambda$100/1024096720.getObject(Unknown Source)
	at org.springframework.beans.factory.support.DefaultSingletonBeanRegistry.getSingleton(DefaultSingletonBeanRegistry.java:222)
	at org.springframework.beans.factory.support.AbstractBeanFactory.doGetBean(AbstractBeanFactory.java:318)
	at org.springframework.beans.factory.support.AbstractBeanFactory.getBean(AbstractBeanFactory.java:199)
	at org.springframework.context.support.AbstractApplicationContext.getBean(AbstractApplicationContext.java:1083)
	at org.springframework.context.support.AbstractApplicationContext.finishBeanFactoryInitialization(AbstractApplicationContext.java:853)
	at org.springframework.context.support.AbstractApplicationContext.refresh(AbstractApplicationContext.java:546)
	at org.springframework.boot.web.servlet.context.ServletWebServerApplicationContext.refresh(ServletWebServerApplicationContext.java:140)
	at org.springframework.boot.SpringApplication.refresh(SpringApplication.java:775)
	at org.springframework.boot.SpringApplication.refreshContext(SpringApplication.java:397)
	at org.springframework.boot.SpringApplication.run(SpringApplication.java:316)
	at org.springframework.boot.SpringApplication.run(SpringApplication.java:1260)
	at org.springframework.boot.SpringApplication.run(SpringApplication.java:1248)
	at com.meike.station.StationApplication.main(StationApplication.java:10)
	at sun.reflect.NativeMethodAccessorImpl.invoke0(Native Method)
	at sun.reflect.NativeMethodAccessorImpl.invoke(Unknown Source)
	at sun.reflect.DelegatingMethodAccessorImpl.invoke(Unknown Source)
	at java.lang.reflect.Method.invoke(Unknown Source)
	at org.springframework.boot.devtools.restart.RestartLauncher.run(RestartLauncher.java:49)
2018-11-10 19:17:55.198 WARN  --- [DatabaseLookup.java:80][restartedMain] - Unable to determine jdbc url from datasource
org.springframework.jdbc.support.MetaDataAccessException: Could not get Connection for extracting meta-data; nested exception is org.springframework.jdbc.CannotGetJdbcConnectionException: Failed to obtain JDBC Connection; nested exception is org.postgresql.util.PSQLException: FATAL: database "station_dev" does not exist
	at org.springframework.jdbc.support.JdbcUtils.extractDatabaseMetaData(JdbcUtils.java:328)
	at org.springframework.jdbc.support.JdbcUtils.extractDatabaseMetaData(JdbcUtils.java:356)
	at org.springframework.boot.autoconfigure.orm.jpa.DatabaseLookup.getDatabase(DatabaseLookup.java:72)
	at org.springframework.boot.autoconfigure.orm.jpa.JpaProperties.determineDatabase(JpaProperties.java:142)
	at org.springframework.boot.autoconfigure.orm.jpa.JpaBaseConfiguration.jpaVendorAdapter(JpaBaseConfiguration.java:112)
	at org.springframework.boot.autoconfigure.orm.jpa.HibernateJpaConfiguration$$EnhancerBySpringCGLIB$$aeef71ba.CGLIB$jpaVendorAdapter$4(<generated>)
	at org.springframework.boot.autoconfigure.orm.jpa.HibernateJpaConfiguration$$EnhancerBySpringCGLIB$$aeef71ba$$FastClassBySpringCGLIB$$6b970f8d.invoke(<generated>)
	at org.springframework.cglib.proxy.MethodProxy.invokeSuper(MethodProxy.java:244)
	at org.springframework.context.annotation.ConfigurationClassEnhancer$BeanMethodInterceptor.intercept(ConfigurationClassEnhancer.java:363)
	at org.springframework.boot.autoconfigure.orm.jpa.HibernateJpaConfiguration$$EnhancerBySpringCGLIB$$aeef71ba.jpaVendorAdapter(<generated>)
	at sun.reflect.NativeMethodAccessorImpl.invoke0(Native Method)
	at sun.reflect.NativeMethodAccessorImpl.invoke(Unknown Source)
	at sun.reflect.DelegatingMethodAccessorImpl.invoke(Unknown Source)
	at java.lang.reflect.Method.invoke(Unknown Source)
	at org.springframework.beans.factory.support.SimpleInstantiationStrategy.instantiate(SimpleInstantiationStrategy.java:154)
	at org.springframework.beans.factory.support.ConstructorResolver.instantiate(ConstructorResolver.java:620)
	at org.springframework.beans.factory.support.ConstructorResolver.instantiateUsingFactoryMethod(ConstructorResolver.java:455)
	at org.springframework.beans.factory.support.AbstractAutowireCapableBeanFactory.instantiateUsingFactoryMethod(AbstractAutowireCapableBeanFactory.java:1288)
	at org.springframework.beans.factory.support.AbstractAutowireCapableBeanFactory.createBeanInstance(AbstractAutowireCapableBeanFactory.java:1127)
	at org.springframework.beans.factory.support.AbstractAutowireCapableBeanFactory.doCreateBean(AbstractAutowireCapableBeanFactory.java:538)
	at org.springframework.beans.factory.support.AbstractAutowireCapableBeanFactory.createBean(AbstractAutowireCapableBeanFactory.java:498)
	at org.springframework.beans.factory.support.AbstractBeanFactory.lambda$doGetBean$0(AbstractBeanFactory.java:320)
	at org.springframework.beans.factory.support.AbstractBeanFactory$$Lambda$100/1024096720.getObject(Unknown Source)
	at org.springframework.beans.factory.support.DefaultSingletonBeanRegistry.getSingleton(DefaultSingletonBeanRegistry.java:222)
	at org.springframework.beans.factory.support.AbstractBeanFactory.doGetBean(AbstractBeanFactory.java:318)
	at org.springframework.beans.factory.support.AbstractBeanFactory.getBean(AbstractBeanFactory.java:199)
	at org.springframework.beans.factory.config.DependencyDescriptor.resolveCandidate(DependencyDescriptor.java:273)
	at org.springframework.beans.factory.support.DefaultListableBeanFactory.doResolveDependency(DefaultListableBeanFactory.java:1239)
	at org.springframework.beans.factory.support.DefaultListableBeanFactory.resolveDependency(DefaultListableBeanFactory.java:1166)
	at org.springframework.beans.factory.support.ConstructorResolver.resolveAutowiredArgument(ConstructorResolver.java:855)
	at org.springframework.beans.factory.support.ConstructorResolver.createArgumentArray(ConstructorResolver.java:758)
	at org.springframework.beans.factory.support.ConstructorResolver.instantiateUsingFactoryMethod(ConstructorResolver.java:508)
	at org.springframework.beans.factory.support.AbstractAutowireCapableBeanFactory.instantiateUsingFactoryMethod(AbstractAutowireCapableBeanFactory.java:1288)
	at org.springframework.beans.factory.support.AbstractAutowireCapableBeanFactory.createBeanInstance(AbstractAutowireCapableBeanFactory.java:1127)
	at org.springframework.beans.factory.support.AbstractAutowireCapableBeanFactory.doCreateBean(AbstractAutowireCapableBeanFactory.java:538)
	at org.springframework.beans.factory.support.AbstractAutowireCapableBeanFactory.createBean(AbstractAutowireCapableBeanFactory.java:498)
	at org.springframework.beans.factory.support.AbstractBeanFactory.lambda$doGetBean$0(AbstractBeanFactory.java:320)
	at org.springframework.beans.factory.support.AbstractBeanFactory$$Lambda$100/1024096720.getObject(Unknown Source)
	at org.springframework.beans.factory.support.DefaultSingletonBeanRegistry.getSingleton(DefaultSingletonBeanRegistry.java:222)
	at org.springframework.beans.factory.support.AbstractBeanFactory.doGetBean(AbstractBeanFactory.java:318)
	at org.springframework.beans.factory.support.AbstractBeanFactory.getBean(AbstractBeanFactory.java:199)
	at org.springframework.beans.factory.config.DependencyDescriptor.resolveCandidate(DependencyDescriptor.java:273)
	at org.springframework.beans.factory.support.DefaultListableBeanFactory.doResolveDependency(DefaultListableBeanFactory.java:1239)
	at org.springframework.beans.factory.support.DefaultListableBeanFactory.resolveDependency(DefaultListableBeanFactory.java:1166)
	at org.springframework.beans.factory.support.ConstructorResolver.resolveAutowiredArgument(ConstructorResolver.java:855)
	at org.springframework.beans.factory.support.ConstructorResolver.createArgumentArray(ConstructorResolver.java:758)
	at org.springframework.beans.factory.support.ConstructorResolver.instantiateUsingFactoryMethod(ConstructorResolver.java:508)
	at org.springframework.beans.factory.support.AbstractAutowireCapableBeanFactory.instantiateUsingFactoryMethod(AbstractAutowireCapableBeanFactory.java:1288)
	at org.springframework.beans.factory.support.AbstractAutowireCapableBeanFactory.createBeanInstance(AbstractAutowireCapableBeanFactory.java:1127)
	at org.springframework.beans.factory.support.AbstractAutowireCapableBeanFactory.doCreateBean(AbstractAutowireCapableBeanFactory.java:538)
	at org.springframework.beans.factory.support.AbstractAutowireCapableBeanFactory.createBean(AbstractAutowireCapableBeanFactory.java:498)
	at org.springframework.beans.factory.support.AbstractBeanFactory.lambda$doGetBean$0(AbstractBeanFactory.java:320)
	at org.springframework.beans.factory.support.AbstractBeanFactory$$Lambda$100/1024096720.getObject(Unknown Source)
	at org.springframework.beans.factory.support.DefaultSingletonBeanRegistry.getSingleton(DefaultSingletonBeanRegistry.java:222)
	at org.springframework.beans.factory.support.AbstractBeanFactory.doGetBean(AbstractBeanFactory.java:318)
	at org.springframework.beans.factory.support.AbstractBeanFactory.getBean(AbstractBeanFactory.java:199)
	at org.springframework.context.support.AbstractApplicationContext.getBean(AbstractApplicationContext.java:1083)
	at org.springframework.context.support.AbstractApplicationContext.finishBeanFactoryInitialization(AbstractApplicationContext.java:853)
	at org.springframework.context.support.AbstractApplicationContext.refresh(AbstractApplicationContext.java:546)
	at org.springframework.boot.web.servlet.context.ServletWebServerApplicationContext.refresh(ServletWebServerApplicationContext.java:140)
	at org.springframework.boot.SpringApplication.refresh(SpringApplication.java:775)
	at org.springframework.boot.SpringApplication.refreshContext(SpringApplication.java:397)
	at org.springframework.boot.SpringApplication.run(SpringApplication.java:316)
	at org.springframework.boot.SpringApplication.run(SpringApplication.java:1260)
	at org.springframework.boot.SpringApplication.run(SpringApplication.java:1248)
	at com.meike.station.StationApplication.main(StationApplication.java:10)
	at sun.reflect.NativeMethodAccessorImpl.invoke0(Native Method)
	at sun.reflect.NativeMethodAccessorImpl.invoke(Unknown Source)
	at sun.reflect.DelegatingMethodAccessorImpl.invoke(Unknown Source)
	at java.lang.reflect.Method.invoke(Unknown Source)
	at org.springframework.boot.devtools.restart.RestartLauncher.run(RestartLauncher.java:49)
Caused by: org.springframework.jdbc.CannotGetJdbcConnectionException: Failed to obtain JDBC Connection; nested exception is org.postgresql.util.PSQLException: FATAL: database "station_dev" does not exist
	at org.springframework.jdbc.datasource.DataSourceUtils.getConnection(DataSourceUtils.java:81)
	at org.springframework.jdbc.support.JdbcUtils.extractDatabaseMetaData(JdbcUtils.java:319)
	... 70 common frames omitted
Caused by: org.postgresql.util.PSQLException: FATAL: database "station_dev" does not exist
	at org.postgresql.core.v3.ConnectionFactoryImpl.readStartupMessages(ConnectionFactoryImpl.java:684)
	at org.postgresql.core.v3.ConnectionFactoryImpl.openConnectionImpl(ConnectionFactoryImpl.java:199)
	at org.postgresql.core.ConnectionFactory.openConnection(ConnectionFactory.java:66)
	at org.postgresql.jdbc2.AbstractJdbc2Connection.<init>(AbstractJdbc2Connection.java:127)
	at org.postgresql.jdbc3.AbstractJdbc3Connection.<init>(AbstractJdbc3Connection.java:29)
	at org.postgresql.jdbc3g.AbstractJdbc3gConnection.<init>(AbstractJdbc3gConnection.java:21)
	at org.postgresql.jdbc4.AbstractJdbc4Connection.<init>(AbstractJdbc4Connection.java:41)
	at org.postgresql.jdbc4.Jdbc4Connection.<init>(Jdbc4Connection.java:24)
	at org.postgresql.Driver.makeConnection(Driver.java:414)
	at org.postgresql.Driver.connect(Driver.java:282)
	at com.zaxxer.hikari.util.DriverDataSource.getConnection(DriverDataSource.java:136)
	at com.zaxxer.hikari.pool.PoolBase.newConnection(PoolBase.java:369)
	at com.zaxxer.hikari.pool.PoolBase.newPoolEntry(PoolBase.java:198)
	at com.zaxxer.hikari.pool.HikariPool.createPoolEntry(HikariPool.java:467)
	at com.zaxxer.hikari.pool.HikariPool.checkFailFast(HikariPool.java:541)
	at com.zaxxer.hikari.pool.HikariPool.<init>(HikariPool.java:115)
	at com.zaxxer.hikari.HikariDataSource.getConnection(HikariDataSource.java:112)
	at org.springframework.jdbc.datasource.DataSourceUtils.fetchConnection(DataSourceUtils.java:151)
	at org.springframework.jdbc.datasource.DataSourceUtils.doGetConnection(DataSourceUtils.java:115)
	at org.springframework.jdbc.datasource.DataSourceUtils.getConnection(DataSourceUtils.java:78)
	... 71 common frames omitted
2018-11-10 19:17:55.260 INFO  --- [LogHelper.java:31][restartedMain] - HHH000204: Processing PersistenceUnitInfo [
	name: default
	...]
2018-11-10 19:17:55.369 INFO  --- [Version.java:46][restartedMain] - HHH000412: Hibernate Core {5.3.7.Final}
2018-11-10 19:17:55.369 INFO  --- [Environment.java:213][restartedMain] - HHH000206: hibernate.properties not found
2018-11-10 19:17:55.639 INFO  --- [JavaReflectionManager.java:49][restartedMain] - HCANN000001: Hibernate Commons Annotations {5.0.4.Final}
2018-11-10 19:17:55.920 INFO  --- [Dialect.java:157][restartedMain] - HHH000400: Using dialect: com.meike.station.dialect.JsonbPostgresDialect
2018-11-10 19:17:55.951 INFO  --- [LobCreatorBuilderImpl.java:63][restartedMain] - HHH000422: Disabling contextual LOB creation as connection was null
2018-11-10 19:17:55.967 INFO  --- [BasicTypeRegistry.java:159][restartedMain] - HHH000270: Type registration [java.util.UUID] overrides previous : org.hibernate.type.UUIDBinaryType@3b784e0c
2018-11-10 19:17:56.778 INFO  --- [HikariDataSource.java:110][restartedMain] - HikariPool-1 - Starting...
2018-11-10 19:17:57.808 ERROR --- [HikariPool.java:574][restartedMain] - HikariPool-1 - Exception during pool initialization.
org.postgresql.util.PSQLException: FATAL: database "station_dev" does not exist
	at org.postgresql.core.v3.ConnectionFactoryImpl.readStartupMessages(ConnectionFactoryImpl.java:684)
	at org.postgresql.core.v3.ConnectionFactoryImpl.openConnectionImpl(ConnectionFactoryImpl.java:199)
	at org.postgresql.core.ConnectionFactory.openConnection(ConnectionFactory.java:66)
	at org.postgresql.jdbc2.AbstractJdbc2Connection.<init>(AbstractJdbc2Connection.java:127)
	at org.postgresql.jdbc3.AbstractJdbc3Connection.<init>(AbstractJdbc3Connection.java:29)
	at org.postgresql.jdbc3g.AbstractJdbc3gConnection.<init>(AbstractJdbc3gConnection.java:21)
	at org.postgresql.jdbc4.AbstractJdbc4Connection.<init>(AbstractJdbc4Connection.java:41)
	at org.postgresql.jdbc4.Jdbc4Connection.<init>(Jdbc4Connection.java:24)
	at org.postgresql.Driver.makeConnection(Driver.java:414)
	at org.postgresql.Driver.connect(Driver.java:282)
	at com.zaxxer.hikari.util.DriverDataSource.getConnection(DriverDataSource.java:136)
	at com.zaxxer.hikari.pool.PoolBase.newConnection(PoolBase.java:369)
	at com.zaxxer.hikari.pool.PoolBase.newPoolEntry(PoolBase.java:198)
	at com.zaxxer.hikari.pool.HikariPool.createPoolEntry(HikariPool.java:467)
	at com.zaxxer.hikari.pool.HikariPool.checkFailFast(HikariPool.java:541)
	at com.zaxxer.hikari.pool.HikariPool.<init>(HikariPool.java:115)
	at com.zaxxer.hikari.HikariDataSource.getConnection(HikariDataSource.java:112)
	at org.hibernate.engine.jdbc.connections.internal.DatasourceConnectionProviderImpl.getConnection(DatasourceConnectionProviderImpl.java:122)
	at org.hibernate.engine.jdbc.env.internal.JdbcEnvironmentInitiator$ConnectionProviderJdbcConnectionAccess.obtainConnection(JdbcEnvironmentInitiator.java:180)
	at org.hibernate.resource.transaction.backend.jdbc.internal.DdlTransactionIsolatorNonJtaImpl.getIsolatedConnection(DdlTransactionIsolatorNonJtaImpl.java:43)
	at org.hibernate.tool.schema.internal.exec.GenerationTargetToDatabase.jdbcStatement(GenerationTargetToDatabase.java:77)
	at org.hibernate.tool.schema.internal.exec.GenerationTargetToDatabase.accept(GenerationTargetToDatabase.java:53)
	at org.hibernate.tool.schema.internal.SchemaDropperImpl.applySqlString(SchemaDropperImpl.java:375)
	at org.hibernate.tool.schema.internal.SchemaDropperImpl.applySqlStrings(SchemaDropperImpl.java:359)
	at org.hibernate.tool.schema.internal.SchemaDropperImpl.dropFromMetadata(SchemaDropperImpl.java:241)
	at org.hibernate.tool.schema.internal.SchemaDropperImpl.performDrop(SchemaDropperImpl.java:154)
	at org.hibernate.tool.schema.internal.SchemaDropperImpl.doDrop(SchemaDropperImpl.java:126)
	at org.hibernate.tool.schema.internal.SchemaDropperImpl.doDrop(SchemaDropperImpl.java:112)
	at org.hibernate.tool.schema.spi.SchemaManagementToolCoordinator.performDatabaseAction(SchemaManagementToolCoordinator.java:144)
	at org.hibernate.tool.schema.spi.SchemaManagementToolCoordinator.process(SchemaManagementToolCoordinator.java:72)
	at org.hibernate.internal.SessionFactoryImpl.<init>(SessionFactoryImpl.java:310)
	at org.hibernate.boot.internal.SessionFactoryBuilderImpl.build(SessionFactoryBuilderImpl.java:467)
	at org.hibernate.jpa.boot.internal.EntityManagerFactoryBuilderImpl.build(EntityManagerFactoryBuilderImpl.java:939)
	at org.springframework.orm.jpa.vendor.SpringHibernateJpaPersistenceProvider.createContainerEntityManagerFactory(SpringHibernateJpaPersistenceProvider.java:57)
	at org.springframework.orm.jpa.LocalContainerEntityManagerFactoryBean.createNativeEntityManagerFactory(LocalContainerEntityManagerFactoryBean.java:365)
	at org.springframework.orm.jpa.AbstractEntityManagerFactoryBean.buildNativeEntityManagerFactory(AbstractEntityManagerFactoryBean.java:390)
	at org.springframework.orm.jpa.AbstractEntityManagerFactoryBean.afterPropertiesSet(AbstractEntityManagerFactoryBean.java:377)
	at org.springframework.orm.jpa.LocalContainerEntityManagerFactoryBean.afterPropertiesSet(LocalContainerEntityManagerFactoryBean.java:341)
	at org.springframework.beans.factory.support.AbstractAutowireCapableBeanFactory.invokeInitMethods(AbstractAutowireCapableBeanFactory.java:1804)
	at org.springframework.beans.factory.support.AbstractAutowireCapableBeanFactory.initializeBean(AbstractAutowireCapableBeanFactory.java:1741)
	at org.springframework.beans.factory.support.AbstractAutowireCapableBeanFactory.doCreateBean(AbstractAutowireCapableBeanFactory.java:576)
	at org.springframework.beans.factory.support.AbstractAutowireCapableBeanFactory.createBean(AbstractAutowireCapableBeanFactory.java:498)
	at org.springframework.beans.factory.support.AbstractBeanFactory.lambda$doGetBean$0(AbstractBeanFactory.java:320)
	at org.springframework.beans.factory.support.AbstractBeanFactory$$Lambda$100/1024096720.getObject(Unknown Source)
	at org.springframework.beans.factory.support.DefaultSingletonBeanRegistry.getSingleton(DefaultSingletonBeanRegistry.java:222)
	at org.springframework.beans.factory.support.AbstractBeanFactory.doGetBean(AbstractBeanFactory.java:318)
	at org.springframework.beans.factory.support.AbstractBeanFactory.getBean(AbstractBeanFactory.java:199)
	at org.springframework.context.support.AbstractApplicationContext.getBean(AbstractApplicationContext.java:1083)
	at org.springframework.context.support.AbstractApplicationContext.finishBeanFactoryInitialization(AbstractApplicationContext.java:853)
	at org.springframework.context.support.AbstractApplicationContext.refresh(AbstractApplicationContext.java:546)
	at org.springframework.boot.web.servlet.context.ServletWebServerApplicationContext.refresh(ServletWebServerApplicationContext.java:140)
	at org.springframework.boot.SpringApplication.refresh(SpringApplication.java:775)
	at org.springframework.boot.SpringApplication.refreshContext(SpringApplication.java:397)
	at org.springframework.boot.SpringApplication.run(SpringApplication.java:316)
	at org.springframework.boot.SpringApplication.run(SpringApplication.java:1260)
	at org.springframework.boot.SpringApplication.run(SpringApplication.java:1248)
	at com.meike.station.StationApplication.main(StationApplication.java:10)
	at sun.reflect.NativeMethodAccessorImpl.invoke0(Native Method)
	at sun.reflect.NativeMethodAccessorImpl.invoke(Unknown Source)
	at sun.reflect.DelegatingMethodAccessorImpl.invoke(Unknown Source)
	at java.lang.reflect.Method.invoke(Unknown Source)
	at org.springframework.boot.devtools.restart.RestartLauncher.run(RestartLauncher.java:49)
2018-11-10 19:17:57.823 WARN  --- [SqlExceptionHelper.java:137][restartedMain] - SQL Error: 0, SQLState: 3D000
2018-11-10 19:17:57.823 ERROR --- [SqlExceptionHelper.java:142][restartedMain] - FATAL: database "station_dev" does not exist
2018-11-10 19:17:57.823 WARN  --- [AbstractApplicationContext.java:554][restartedMain] - Exception encountered during context initialization - cancelling refresh attempt: org.springframework.beans.factory.BeanCreationException: Error creating bean with name 'entityManagerFactory' defined in class path resource [org/springframework/boot/autoconfigure/orm/jpa/HibernateJpaConfiguration.class]: Invocation of init method failed; nested exception is javax.persistence.PersistenceException: [PersistenceUnit: default] Unable to build Hibernate SessionFactory; nested exception is org.hibernate.exception.GenericJDBCException: Unable to open JDBC Connection for DDL execution
2018-11-10 19:17:57.855 ERROR --- [SpringApplication.java:858][restartedMain] - Application run failed
org.springframework.beans.factory.BeanCreationException: Error creating bean with name 'entityManagerFactory' defined in class path resource [org/springframework/boot/autoconfigure/orm/jpa/HibernateJpaConfiguration.class]: Invocation of init method failed; nested exception is javax.persistence.PersistenceException: [PersistenceUnit: default] Unable to build Hibernate SessionFactory; nested exception is org.hibernate.exception.GenericJDBCException: Unable to open JDBC Connection for DDL execution
	at org.springframework.beans.factory.support.AbstractAutowireCapableBeanFactory.initializeBean(AbstractAutowireCapableBeanFactory.java:1745)
	at org.springframework.beans.factory.support.AbstractAutowireCapableBeanFactory.doCreateBean(AbstractAutowireCapableBeanFactory.java:576)
	at org.springframework.beans.factory.support.AbstractAutowireCapableBeanFactory.createBean(AbstractAutowireCapableBeanFactory.java:498)
	at org.springframework.beans.factory.support.AbstractBeanFactory.lambda$doGetBean$0(AbstractBeanFactory.java:320)
	at org.springframework.beans.factory.support.AbstractBeanFactory$$Lambda$100/1024096720.getObject(Unknown Source)
	at org.springframework.beans.factory.support.DefaultSingletonBeanRegistry.getSingleton(DefaultSingletonBeanRegistry.java:222)
	at org.springframework.beans.factory.support.AbstractBeanFactory.doGetBean(AbstractBeanFactory.java:318)
	at org.springframework.beans.factory.support.AbstractBeanFactory.getBean(AbstractBeanFactory.java:199)
	at org.springframework.context.support.AbstractApplicationContext.getBean(AbstractApplicationContext.java:1083)
	at org.springframework.context.support.AbstractApplicationContext.finishBeanFactoryInitialization(AbstractApplicationContext.java:853)
	at org.springframework.context.support.AbstractApplicationContext.refresh(AbstractApplicationContext.java:546)
	at org.springframework.boot.web.servlet.context.ServletWebServerApplicationContext.refresh(ServletWebServerApplicationContext.java:140)
	at org.springframework.boot.SpringApplication.refresh(SpringApplication.java:775)
	at org.springframework.boot.SpringApplication.refreshContext(SpringApplication.java:397)
	at org.springframework.boot.SpringApplication.run(SpringApplication.java:316)
	at org.springframework.boot.SpringApplication.run(SpringApplication.java:1260)
	at org.springframework.boot.SpringApplication.run(SpringApplication.java:1248)
	at com.meike.station.StationApplication.main(StationApplication.java:10)
	at sun.reflect.NativeMethodAccessorImpl.invoke0(Native Method)
	at sun.reflect.NativeMethodAccessorImpl.invoke(Unknown Source)
	at sun.reflect.DelegatingMethodAccessorImpl.invoke(Unknown Source)
	at java.lang.reflect.Method.invoke(Unknown Source)
	at org.springframework.boot.devtools.restart.RestartLauncher.run(RestartLauncher.java:49)
Caused by: javax.persistence.PersistenceException: [PersistenceUnit: default] Unable to build Hibernate SessionFactory; nested exception is org.hibernate.exception.GenericJDBCException: Unable to open JDBC Connection for DDL execution
	at org.springframework.orm.jpa.AbstractEntityManagerFactoryBean.buildNativeEntityManagerFactory(AbstractEntityManagerFactoryBean.java:402)
	at org.springframework.orm.jpa.AbstractEntityManagerFactoryBean.afterPropertiesSet(AbstractEntityManagerFactoryBean.java:377)
	at org.springframework.orm.jpa.LocalContainerEntityManagerFactoryBean.afterPropertiesSet(LocalContainerEntityManagerFactoryBean.java:341)
	at org.springframework.beans.factory.support.AbstractAutowireCapableBeanFactory.invokeInitMethods(AbstractAutowireCapableBeanFactory.java:1804)
	at org.springframework.beans.factory.support.AbstractAutowireCapableBeanFactory.initializeBean(AbstractAutowireCapableBeanFactory.java:1741)
	... 22 common frames omitted
Caused by: org.hibernate.exception.GenericJDBCException: Unable to open JDBC Connection for DDL execution
	at org.hibernate.exception.internal.StandardSQLExceptionConverter.convert(StandardSQLExceptionConverter.java:47)
	at org.hibernate.engine.jdbc.spi.SqlExceptionHelper.convert(SqlExceptionHelper.java:113)
	at org.hibernate.engine.jdbc.spi.SqlExceptionHelper.convert(SqlExceptionHelper.java:99)
	at org.hibernate.resource.transaction.backend.jdbc.internal.DdlTransactionIsolatorNonJtaImpl.getIsolatedConnection(DdlTransactionIsolatorNonJtaImpl.java:69)
	at org.hibernate.tool.schema.internal.exec.GenerationTargetToDatabase.jdbcStatement(GenerationTargetToDatabase.java:77)
	at org.hibernate.tool.schema.internal.exec.GenerationTargetToDatabase.accept(GenerationTargetToDatabase.java:53)
	at org.hibernate.tool.schema.internal.SchemaDropperImpl.applySqlString(SchemaDropperImpl.java:375)
	at org.hibernate.tool.schema.internal.SchemaDropperImpl.applySqlStrings(SchemaDropperImpl.java:359)
	at org.hibernate.tool.schema.internal.SchemaDropperImpl.dropFromMetadata(SchemaDropperImpl.java:241)
	at org.hibernate.tool.schema.internal.SchemaDropperImpl.performDrop(SchemaDropperImpl.java:154)
	at org.hibernate.tool.schema.internal.SchemaDropperImpl.doDrop(SchemaDropperImpl.java:126)
	at org.hibernate.tool.schema.internal.SchemaDropperImpl.doDrop(SchemaDropperImpl.java:112)
	at org.hibernate.tool.schema.spi.SchemaManagementToolCoordinator.performDatabaseAction(SchemaManagementToolCoordinator.java:144)
	at org.hibernate.tool.schema.spi.SchemaManagementToolCoordinator.process(SchemaManagementToolCoordinator.java:72)
	at org.hibernate.internal.SessionFactoryImpl.<init>(SessionFactoryImpl.java:310)
	at org.hibernate.boot.internal.SessionFactoryBuilderImpl.build(SessionFactoryBuilderImpl.java:467)
	at org.hibernate.jpa.boot.internal.EntityManagerFactoryBuilderImpl.build(EntityManagerFactoryBuilderImpl.java:939)
	at org.springframework.orm.jpa.vendor.SpringHibernateJpaPersistenceProvider.createContainerEntityManagerFactory(SpringHibernateJpaPersistenceProvider.java:57)
	at org.springframework.orm.jpa.LocalContainerEntityManagerFactoryBean.createNativeEntityManagerFactory(LocalContainerEntityManagerFactoryBean.java:365)
	at org.springframework.orm.jpa.AbstractEntityManagerFactoryBean.buildNativeEntityManagerFactory(AbstractEntityManagerFactoryBean.java:390)
	... 26 common frames omitted
Caused by: org.postgresql.util.PSQLException: FATAL: database "station_dev" does not exist
	at org.postgresql.core.v3.ConnectionFactoryImpl.readStartupMessages(ConnectionFactoryImpl.java:684)
	at org.postgresql.core.v3.ConnectionFactoryImpl.openConnectionImpl(ConnectionFactoryImpl.java:199)
	at org.postgresql.core.ConnectionFactory.openConnection(ConnectionFactory.java:66)
	at org.postgresql.jdbc2.AbstractJdbc2Connection.<init>(AbstractJdbc2Connection.java:127)
	at org.postgresql.jdbc3.AbstractJdbc3Connection.<init>(AbstractJdbc3Connection.java:29)
	at org.postgresql.jdbc3g.AbstractJdbc3gConnection.<init>(AbstractJdbc3gConnection.java:21)
	at org.postgresql.jdbc4.AbstractJdbc4Connection.<init>(AbstractJdbc4Connection.java:41)
	at org.postgresql.jdbc4.Jdbc4Connection.<init>(Jdbc4Connection.java:24)
	at org.postgresql.Driver.makeConnection(Driver.java:414)
	at org.postgresql.Driver.connect(Driver.java:282)
	at com.zaxxer.hikari.util.DriverDataSource.getConnection(DriverDataSource.java:136)
	at com.zaxxer.hikari.pool.PoolBase.newConnection(PoolBase.java:369)
	at com.zaxxer.hikari.pool.PoolBase.newPoolEntry(PoolBase.java:198)
	at com.zaxxer.hikari.pool.HikariPool.createPoolEntry(HikariPool.java:467)
	at com.zaxxer.hikari.pool.HikariPool.checkFailFast(HikariPool.java:541)
	at com.zaxxer.hikari.pool.HikariPool.<init>(HikariPool.java:115)
	at com.zaxxer.hikari.HikariDataSource.getConnection(HikariDataSource.java:112)
	at org.hibernate.engine.jdbc.connections.internal.DatasourceConnectionProviderImpl.getConnection(DatasourceConnectionProviderImpl.java:122)
	at org.hibernate.engine.jdbc.env.internal.JdbcEnvironmentInitiator$ConnectionProviderJdbcConnectionAccess.obtainConnection(JdbcEnvironmentInitiator.java:180)
	at org.hibernate.resource.transaction.backend.jdbc.internal.DdlTransactionIsolatorNonJtaImpl.getIsolatedConnection(DdlTransactionIsolatorNonJtaImpl.java:43)
	... 42 common frames omitted
2018-11-10 19:18:26.600 INFO  --- [StartupInfoLogger.java:50][restartedMain] - Starting StationApplication on peng-PC with PID 7412 (started by peng in E:\_My_File_____\_work\MyCode\开发utiles\springboot\官方学习\demo-maven)
2018-11-10 19:18:26.600 INFO  --- [SpringApplication.java:675][restartedMain] - No active profile set, falling back to default profiles: default
2018-11-10 19:18:29.954 INFO  --- [HikariDataSource.java:110][restartedMain] - HikariPool-1 - Starting...
2018-11-10 19:18:30.047 INFO  --- [PoolBase.java:525][restartedMain] - HikariPool-1 - Driver does not support get/set network timeout for connections. (这个 org.postgresql.jdbc4.Jdbc4Connection.getNetworkTimeout() 方法尚未被实作。)
2018-11-10 19:18:30.078 INFO  --- [HikariDataSource.java:123][restartedMain] - HikariPool-1 - Start completed.
2018-11-10 19:18:30.156 INFO  --- [LogHelper.java:31][restartedMain] - HHH000204: Processing PersistenceUnitInfo [
	name: default
	...]
2018-11-10 19:18:30.297 INFO  --- [Version.java:46][restartedMain] - HHH000412: Hibernate Core {5.3.7.Final}
2018-11-10 19:18:30.312 INFO  --- [Environment.java:213][restartedMain] - HHH000206: hibernate.properties not found
2018-11-10 19:18:30.624 INFO  --- [JavaReflectionManager.java:49][restartedMain] - HCANN000001: Hibernate Commons Annotations {5.0.4.Final}
2018-11-10 19:18:30.921 INFO  --- [Dialect.java:157][restartedMain] - HHH000400: Using dialect: com.meike.station.dialect.JsonbPostgresDialect
2018-11-10 19:18:30.936 INFO  --- [LobCreatorBuilderImpl.java:63][restartedMain] - HHH000422: Disabling contextual LOB creation as connection was null
2018-11-10 19:18:30.952 INFO  --- [BasicTypeRegistry.java:159][restartedMain] - HHH000270: Type registration [java.util.UUID] overrides previous : org.hibernate.type.UUIDBinaryType@6e9eb176
2018-11-10 19:18:31.716 WARN  --- [SqlExceptionHelper.java:230][restartedMain] - SQL Warning Code: 0, SQLState: 00000
2018-11-10 19:18:31.716 WARN  --- [SqlExceptionHelper.java:231][restartedMain] - table "city" does not exist, skipping
2018-11-10 19:18:31.748 INFO  --- [SchemaCreatorImpl.java:489][restartedMain] - HHH000476: Executing import script 'org.hibernate.tool.schema.internal.exec.ScriptSourceInputNonExistentImpl@1c8fadfa'
2018-11-10 19:18:32.247 WARN  --- [JpaBaseConfiguration.java:234][restartedMain] - spring.jpa.open-in-view is enabled by default. Therefore, database queries may be performed during view rendering. Explicitly configure spring.jpa.open-in-view to disable this warning
2018-11-10 19:18:32.652 INFO  --- [StartupInfoLogger.java:59][restartedMain] - Started StationApplication in 7.987 seconds (JVM running for 9.042)
2018-11-10 19:21:30.121 INFO  --- [StartupInfoLogger.java:50][restartedMain] - Starting StationApplication on peng-PC with PID 6964 (started by peng in E:\_My_File_____\_work\MyCode\开发utiles\springboot\官方学习\demo-maven)
2018-11-10 19:21:30.168 INFO  --- [SpringApplication.java:675][restartedMain] - No active profile set, falling back to default profiles: default
2018-11-10 19:21:34.694 INFO  --- [HikariDataSource.java:110][restartedMain] - HikariPool-1 - Starting...
2018-11-10 19:21:34.788 INFO  --- [PoolBase.java:525][restartedMain] - HikariPool-1 - Driver does not support get/set network timeout for connections. (这个 org.postgresql.jdbc4.Jdbc4Connection.getNetworkTimeout() 方法尚未被实作。)
2018-11-10 19:21:34.819 INFO  --- [HikariDataSource.java:123][restartedMain] - HikariPool-1 - Start completed.
2018-11-10 19:21:34.881 INFO  --- [LogHelper.java:31][restartedMain] - HHH000204: Processing PersistenceUnitInfo [
	name: default
	...]
2018-11-10 19:21:35.022 INFO  --- [Version.java:46][restartedMain] - HHH000412: Hibernate Core {5.3.7.Final}
2018-11-10 19:21:35.022 INFO  --- [Environment.java:213][restartedMain] - HHH000206: hibernate.properties not found
2018-11-10 19:21:35.256 INFO  --- [JavaReflectionManager.java:49][restartedMain] - HCANN000001: Hibernate Commons Annotations {5.0.4.Final}
2018-11-10 19:21:35.474 INFO  --- [Dialect.java:157][restartedMain] - HHH000400: Using dialect: com.meike.station.dialect.JsonbPostgresDialect
2018-11-10 19:21:35.505 INFO  --- [LobCreatorBuilderImpl.java:63][restartedMain] - HHH000422: Disabling contextual LOB creation as connection was null
2018-11-10 19:21:35.505 INFO  --- [BasicTypeRegistry.java:159][restartedMain] - HHH000270: Type registration [java.util.UUID] overrides previous : org.hibernate.type.UUIDBinaryType@138362d
2018-11-10 19:21:35.724 WARN  --- [AbstractApplicationContext.java:554][restartedMain] - Exception encountered during context initialization - cancelling refresh attempt: org.springframework.beans.factory.BeanCreationException: Error creating bean with name 'entityManagerFactory' defined in class path resource [org/springframework/boot/autoconfigure/orm/jpa/HibernateJpaConfiguration.class]: Invocation of init method failed; nested exception is javax.persistence.PersistenceException: [PersistenceUnit: default] Unable to build Hibernate SessionFactory; nested exception is org.hibernate.MappingException: Unable to instantiate custom type: com.meike.station.dialect.JsonbType
2018-11-10 19:21:35.724 INFO  --- [HikariDataSource.java:350][restartedMain] - HikariPool-1 - Shutdown initiated...
2018-11-10 19:21:35.739 INFO  --- [HikariDataSource.java:352][restartedMain] - HikariPool-1 - Shutdown completed.
2018-11-10 19:21:35.786 ERROR --- [SpringApplication.java:858][restartedMain] - Application run failed
org.springframework.beans.factory.BeanCreationException: Error creating bean with name 'entityManagerFactory' defined in class path resource [org/springframework/boot/autoconfigure/orm/jpa/HibernateJpaConfiguration.class]: Invocation of init method failed; nested exception is javax.persistence.PersistenceException: [PersistenceUnit: default] Unable to build Hibernate SessionFactory; nested exception is org.hibernate.MappingException: Unable to instantiate custom type: com.meike.station.dialect.JsonbType
	at org.springframework.beans.factory.support.AbstractAutowireCapableBeanFactory.initializeBean(AbstractAutowireCapableBeanFactory.java:1745)
	at org.springframework.beans.factory.support.AbstractAutowireCapableBeanFactory.doCreateBean(AbstractAutowireCapableBeanFactory.java:576)
	at org.springframework.beans.factory.support.AbstractAutowireCapableBeanFactory.createBean(AbstractAutowireCapableBeanFactory.java:498)
	at org.springframework.beans.factory.support.AbstractBeanFactory.lambda$doGetBean$0(AbstractBeanFactory.java:320)
	at org.springframework.beans.factory.support.AbstractBeanFactory$$Lambda$124/1313986026.getObject(Unknown Source)
	at org.springframework.beans.factory.support.DefaultSingletonBeanRegistry.getSingleton(DefaultSingletonBeanRegistry.java:222)
	at org.springframework.beans.factory.support.AbstractBeanFactory.doGetBean(AbstractBeanFactory.java:318)
	at org.springframework.beans.factory.support.AbstractBeanFactory.getBean(AbstractBeanFactory.java:199)
	at org.springframework.context.support.AbstractApplicationContext.getBean(AbstractApplicationContext.java:1083)
	at org.springframework.context.support.AbstractApplicationContext.finishBeanFactoryInitialization(AbstractApplicationContext.java:853)
	at org.springframework.context.support.AbstractApplicationContext.refresh(AbstractApplicationContext.java:546)
	at org.springframework.boot.web.servlet.context.ServletWebServerApplicationContext.refresh(ServletWebServerApplicationContext.java:140)
	at org.springframework.boot.SpringApplication.refresh(SpringApplication.java:775)
	at org.springframework.boot.SpringApplication.refreshContext(SpringApplication.java:397)
	at org.springframework.boot.SpringApplication.run(SpringApplication.java:316)
	at org.springframework.boot.SpringApplication.run(SpringApplication.java:1260)
	at org.springframework.boot.SpringApplication.run(SpringApplication.java:1248)
	at com.meike.station.StationApplication.main(StationApplication.java:10)
	at sun.reflect.NativeMethodAccessorImpl.invoke0(Native Method)
	at sun.reflect.NativeMethodAccessorImpl.invoke(Unknown Source)
	at sun.reflect.DelegatingMethodAccessorImpl.invoke(Unknown Source)
	at java.lang.reflect.Method.invoke(Unknown Source)
	at org.springframework.boot.devtools.restart.RestartLauncher.run(RestartLauncher.java:49)
Caused by: javax.persistence.PersistenceException: [PersistenceUnit: default] Unable to build Hibernate SessionFactory; nested exception is org.hibernate.MappingException: Unable to instantiate custom type: com.meike.station.dialect.JsonbType
	at org.springframework.orm.jpa.AbstractEntityManagerFactoryBean.buildNativeEntityManagerFactory(AbstractEntityManagerFactoryBean.java:402)
	at org.springframework.orm.jpa.AbstractEntityManagerFactoryBean.afterPropertiesSet(AbstractEntityManagerFactoryBean.java:377)
	at org.springframework.orm.jpa.LocalContainerEntityManagerFactoryBean.afterPropertiesSet(LocalContainerEntityManagerFactoryBean.java:341)
	at org.springframework.beans.factory.support.AbstractAutowireCapableBeanFactory.invokeInitMethods(AbstractAutowireCapableBeanFactory.java:1804)
	at org.springframework.beans.factory.support.AbstractAutowireCapableBeanFactory.initializeBean(AbstractAutowireCapableBeanFactory.java:1741)
	... 22 common frames omitted
Caused by: org.hibernate.MappingException: Unable to instantiate custom type: com.meike.station.dialect.JsonbType
	at org.hibernate.type.TypeFactory.custom(TypeFactory.java:169)
	at org.hibernate.type.TypeFactory.byClass(TypeFactory.java:74)
	at org.hibernate.type.TypeResolver.heuristicType(TypeResolver.java:126)
	at org.hibernate.mapping.SimpleValue.getType(SimpleValue.java:471)
	at org.hibernate.mapping.SimpleValue.isValid(SimpleValue.java:453)
	at org.hibernate.mapping.Property.isValid(Property.java:226)
	at org.hibernate.mapping.PersistentClass.validate(PersistentClass.java:624)
	at org.hibernate.mapping.RootClass.validate(RootClass.java:267)
	at org.hibernate.boot.internal.MetadataImpl.validate(MetadataImpl.java:347)
	at org.hibernate.boot.internal.SessionFactoryBuilderImpl.build(SessionFactoryBuilderImpl.java:466)
	at org.hibernate.jpa.boot.internal.EntityManagerFactoryBuilderImpl.build(EntityManagerFactoryBuilderImpl.java:939)
	at org.springframework.orm.jpa.vendor.SpringHibernateJpaPersistenceProvider.createContainerEntityManagerFactory(SpringHibernateJpaPersistenceProvider.java:57)
	at org.springframework.orm.jpa.LocalContainerEntityManagerFactoryBean.createNativeEntityManagerFactory(LocalContainerEntityManagerFactoryBean.java:365)
	at org.springframework.orm.jpa.AbstractEntityManagerFactoryBean.buildNativeEntityManagerFactory(AbstractEntityManagerFactoryBean.java:390)
	... 26 common frames omitted
Caused by: org.hibernate.boot.registry.classloading.spi.ClassLoadingException: Unable to load class [k1.models.jsonb.JSONBEntity]
	at org.hibernate.boot.registry.classloading.internal.ClassLoaderServiceImpl.classForName(ClassLoaderServiceImpl.java:354)
	at com.meike.station.dialect.JsonbType.setParameterValues(JsonbType.java:168)
	at org.hibernate.type.TypeFactory.injectParameters(TypeFactory.java:109)
	at org.hibernate.type.TypeFactory.custom(TypeFactory.java:165)
	... 39 common frames omitted
Caused by: java.lang.ClassNotFoundException: Could not load requested class : k1.models.jsonb.JSONBEntity
	at org.hibernate.boot.registry.classloading.internal.ClassLoaderServiceImpl$AggregatedClassLoader.findClass(ClassLoaderServiceImpl.java:342)
	at java.lang.ClassLoader.loadClass(Unknown Source)
	at java.lang.ClassLoader.loadClass(Unknown Source)
	at java.lang.Class.forName0(Native Method)
	at java.lang.Class.forName(Unknown Source)
	at org.hibernate.boot.registry.classloading.internal.ClassLoaderServiceImpl.classForName(ClassLoaderServiceImpl.java:351)
	... 42 common frames omitted
2018-11-10 19:26:00.092 INFO  --- [StartupInfoLogger.java:50][restartedMain] - Starting StationApplication on peng-PC with PID 10980 (started by peng in E:\_My_File_____\_work\MyCode\开发utiles\springboot\官方学习\demo-maven)
2018-11-10 19:26:00.092 INFO  --- [SpringApplication.java:675][restartedMain] - No active profile set, falling back to default profiles: default
2018-11-10 19:26:04.215 INFO  --- [HikariDataSource.java:110][restartedMain] - HikariPool-1 - Starting...
2018-11-10 19:26:04.309 INFO  --- [PoolBase.java:525][restartedMain] - HikariPool-1 - Driver does not support get/set network timeout for connections. (这个 org.postgresql.jdbc4.Jdbc4Connection.getNetworkTimeout() 方法尚未被实作。)
2018-11-10 19:26:04.340 INFO  --- [HikariDataSource.java:123][restartedMain] - HikariPool-1 - Start completed.
2018-11-10 19:26:04.419 INFO  --- [LogHelper.java:31][restartedMain] - HHH000204: Processing PersistenceUnitInfo [
	name: default
	...]
2018-11-10 19:26:04.528 INFO  --- [Version.java:46][restartedMain] - HHH000412: Hibernate Core {5.3.7.Final}
2018-11-10 19:26:04.528 INFO  --- [Environment.java:213][restartedMain] - HHH000206: hibernate.properties not found
2018-11-10 19:26:04.856 INFO  --- [JavaReflectionManager.java:49][restartedMain] - HCANN000001: Hibernate Commons Annotations {5.0.4.Final}
2018-11-10 19:26:05.092 INFO  --- [Dialect.java:157][restartedMain] - HHH000400: Using dialect: com.meike.station.dialect.JsonbPostgresDialect
2018-11-10 19:26:05.123 INFO  --- [LobCreatorBuilderImpl.java:63][restartedMain] - HHH000422: Disabling contextual LOB creation as connection was null
2018-11-10 19:26:05.139 INFO  --- [BasicTypeRegistry.java:159][restartedMain] - HHH000270: Type registration [java.util.UUID] overrides previous : org.hibernate.type.UUIDBinaryType@7661fdd4
2018-11-10 19:26:05.342 WARN  --- [AbstractApplicationContext.java:554][restartedMain] - Exception encountered during context initialization - cancelling refresh attempt: org.springframework.beans.factory.BeanCreationException: Error creating bean with name 'entityManagerFactory' defined in class path resource [org/springframework/boot/autoconfigure/orm/jpa/HibernateJpaConfiguration.class]: Invocation of init method failed; nested exception is javax.persistence.PersistenceException: [PersistenceUnit: default] Unable to build Hibernate SessionFactory; nested exception is org.hibernate.MappingException: Unable to instantiate custom type: com.meike.station.dialect.JsonbType
2018-11-10 19:26:05.342 INFO  --- [HikariDataSource.java:350][restartedMain] - HikariPool-1 - Shutdown initiated...
2018-11-10 19:26:05.373 INFO  --- [HikariDataSource.java:352][restartedMain] - HikariPool-1 - Shutdown completed.
2018-11-10 19:26:05.420 ERROR --- [SpringApplication.java:858][restartedMain] - Application run failed
org.springframework.beans.factory.BeanCreationException: Error creating bean with name 'entityManagerFactory' defined in class path resource [org/springframework/boot/autoconfigure/orm/jpa/HibernateJpaConfiguration.class]: Invocation of init method failed; nested exception is javax.persistence.PersistenceException: [PersistenceUnit: default] Unable to build Hibernate SessionFactory; nested exception is org.hibernate.MappingException: Unable to instantiate custom type: com.meike.station.dialect.JsonbType
	at org.springframework.beans.factory.support.AbstractAutowireCapableBeanFactory.initializeBean(AbstractAutowireCapableBeanFactory.java:1745)
	at org.springframework.beans.factory.support.AbstractAutowireCapableBeanFactory.doCreateBean(AbstractAutowireCapableBeanFactory.java:576)
	at org.springframework.beans.factory.support.AbstractAutowireCapableBeanFactory.createBean(AbstractAutowireCapableBeanFactory.java:498)
	at org.springframework.beans.factory.support.AbstractBeanFactory.lambda$doGetBean$0(AbstractBeanFactory.java:320)
	at org.springframework.beans.factory.support.AbstractBeanFactory$$Lambda$124/1691126457.getObject(Unknown Source)
	at org.springframework.beans.factory.support.DefaultSingletonBeanRegistry.getSingleton(DefaultSingletonBeanRegistry.java:222)
	at org.springframework.beans.factory.support.AbstractBeanFactory.doGetBean(AbstractBeanFactory.java:318)
	at org.springframework.beans.factory.support.AbstractBeanFactory.getBean(AbstractBeanFactory.java:199)
	at org.springframework.context.support.AbstractApplicationContext.getBean(AbstractApplicationContext.java:1083)
	at org.springframework.context.support.AbstractApplicationContext.finishBeanFactoryInitialization(AbstractApplicationContext.java:853)
	at org.springframework.context.support.AbstractApplicationContext.refresh(AbstractApplicationContext.java:546)
	at org.springframework.boot.web.servlet.context.ServletWebServerApplicationContext.refresh(ServletWebServerApplicationContext.java:140)
	at org.springframework.boot.SpringApplication.refresh(SpringApplication.java:775)
	at org.springframework.boot.SpringApplication.refreshContext(SpringApplication.java:397)
	at org.springframework.boot.SpringApplication.run(SpringApplication.java:316)
	at org.springframework.boot.SpringApplication.run(SpringApplication.java:1260)
	at org.springframework.boot.SpringApplication.run(SpringApplication.java:1248)
	at com.meike.station.StationApplication.main(StationApplication.java:10)
	at sun.reflect.NativeMethodAccessorImpl.invoke0(Native Method)
	at sun.reflect.NativeMethodAccessorImpl.invoke(Unknown Source)
	at sun.reflect.DelegatingMethodAccessorImpl.invoke(Unknown Source)
	at java.lang.reflect.Method.invoke(Unknown Source)
	at org.springframework.boot.devtools.restart.RestartLauncher.run(RestartLauncher.java:49)
Caused by: javax.persistence.PersistenceException: [PersistenceUnit: default] Unable to build Hibernate SessionFactory; nested exception is org.hibernate.MappingException: Unable to instantiate custom type: com.meike.station.dialect.JsonbType
	at org.springframework.orm.jpa.AbstractEntityManagerFactoryBean.buildNativeEntityManagerFactory(AbstractEntityManagerFactoryBean.java:402)
	at org.springframework.orm.jpa.AbstractEntityManagerFactoryBean.afterPropertiesSet(AbstractEntityManagerFactoryBean.java:377)
	at org.springframework.orm.jpa.LocalContainerEntityManagerFactoryBean.afterPropertiesSet(LocalContainerEntityManagerFactoryBean.java:341)
	at org.springframework.beans.factory.support.AbstractAutowireCapableBeanFactory.invokeInitMethods(AbstractAutowireCapableBeanFactory.java:1804)
	at org.springframework.beans.factory.support.AbstractAutowireCapableBeanFactory.initializeBean(AbstractAutowireCapableBeanFactory.java:1741)
	... 22 common frames omitted
Caused by: org.hibernate.MappingException: Unable to instantiate custom type: com.meike.station.dialect.JsonbType
	at org.hibernate.type.TypeFactory.custom(TypeFactory.java:169)
	at org.hibernate.type.TypeFactory.byClass(TypeFactory.java:74)
	at org.hibernate.type.TypeResolver.heuristicType(TypeResolver.java:126)
	at org.hibernate.mapping.SimpleValue.getType(SimpleValue.java:471)
	at org.hibernate.mapping.SimpleValue.isValid(SimpleValue.java:453)
	at org.hibernate.mapping.Property.isValid(Property.java:226)
	at org.hibernate.mapping.PersistentClass.validate(PersistentClass.java:624)
	at org.hibernate.mapping.RootClass.validate(RootClass.java:267)
	at org.hibernate.boot.internal.MetadataImpl.validate(MetadataImpl.java:347)
	at org.hibernate.boot.internal.SessionFactoryBuilderImpl.build(SessionFactoryBuilderImpl.java:466)
	at org.hibernate.jpa.boot.internal.EntityManagerFactoryBuilderImpl.build(EntityManagerFactoryBuilderImpl.java:939)
	at org.springframework.orm.jpa.vendor.SpringHibernateJpaPersistenceProvider.createContainerEntityManagerFactory(SpringHibernateJpaPersistenceProvider.java:57)
	at org.springframework.orm.jpa.LocalContainerEntityManagerFactoryBean.createNativeEntityManagerFactory(LocalContainerEntityManagerFactoryBean.java:365)
	at org.springframework.orm.jpa.AbstractEntityManagerFactoryBean.buildNativeEntityManagerFactory(AbstractEntityManagerFactoryBean.java:390)
	... 26 common frames omitted
Caused by: org.hibernate.boot.registry.classloading.spi.ClassLoadingException: Unable to load class [com.meike.station.modle.jsonb.JSONBDocument]
	at org.hibernate.boot.registry.classloading.internal.ClassLoaderServiceImpl.classForName(ClassLoaderServiceImpl.java:354)
	at com.meike.station.dialect.JsonbType.setParameterValues(JsonbType.java:168)
	at org.hibernate.type.TypeFactory.injectParameters(TypeFactory.java:109)
	at org.hibernate.type.TypeFactory.custom(TypeFactory.java:165)
	... 39 common frames omitted
Caused by: java.lang.ClassNotFoundException: Could not load requested class : com.meike.station.modle.jsonb.JSONBDocument
	at org.hibernate.boot.registry.classloading.internal.ClassLoaderServiceImpl$AggregatedClassLoader.findClass(ClassLoaderServiceImpl.java:342)
	at java.lang.ClassLoader.loadClass(Unknown Source)
	at java.lang.ClassLoader.loadClass(Unknown Source)
	at java.lang.Class.forName0(Native Method)
	at java.lang.Class.forName(Unknown Source)
	at org.hibernate.boot.registry.classloading.internal.ClassLoaderServiceImpl.classForName(ClassLoaderServiceImpl.java:351)
	... 42 common frames omitted
2018-11-10 19:28:06.971 INFO  --- [StartupInfoLogger.java:50][restartedMain] - Starting StationApplication on peng-PC with PID 10344 (started by peng in E:\_My_File_____\_work\MyCode\开发utiles\springboot\官方学习\demo-maven)
2018-11-10 19:28:06.987 INFO  --- [SpringApplication.java:675][restartedMain] - No active profile set, falling back to default profiles: default
2018-11-10 19:28:11.381 INFO  --- [HikariDataSource.java:110][restartedMain] - HikariPool-1 - Starting...
2018-11-10 19:28:11.474 INFO  --- [PoolBase.java:525][restartedMain] - HikariPool-1 - Driver does not support get/set network timeout for connections. (这个 org.postgresql.jdbc4.Jdbc4Connection.getNetworkTimeout() 方法尚未被实作。)
2018-11-10 19:28:11.521 INFO  --- [HikariDataSource.java:123][restartedMain] - HikariPool-1 - Start completed.
2018-11-10 19:28:11.599 INFO  --- [LogHelper.java:31][restartedMain] - HHH000204: Processing PersistenceUnitInfo [
	name: default
	...]
2018-11-10 19:28:11.785 INFO  --- [Version.java:46][restartedMain] - HHH000412: Hibernate Core {5.3.7.Final}
2018-11-10 19:28:11.789 INFO  --- [Environment.java:213][restartedMain] - HHH000206: hibernate.properties not found
2018-11-10 19:28:12.120 INFO  --- [JavaReflectionManager.java:49][restartedMain] - HCANN000001: Hibernate Commons Annotations {5.0.4.Final}
2018-11-10 19:28:12.338 INFO  --- [Dialect.java:157][restartedMain] - HHH000400: Using dialect: com.meike.station.dialect.JsonbPostgresDialect
2018-11-10 19:28:12.385 INFO  --- [LobCreatorBuilderImpl.java:63][restartedMain] - HHH000422: Disabling contextual LOB creation as connection was null
2018-11-10 19:28:12.385 INFO  --- [BasicTypeRegistry.java:159][restartedMain] - HHH000270: Type registration [java.util.UUID] overrides previous : org.hibernate.type.UUIDBinaryType@73cf3121
2018-11-10 19:28:12.619 WARN  --- [AbstractApplicationContext.java:554][restartedMain] - Exception encountered during context initialization - cancelling refresh attempt: org.springframework.beans.factory.BeanCreationException: Error creating bean with name 'entityManagerFactory' defined in class path resource [org/springframework/boot/autoconfigure/orm/jpa/HibernateJpaConfiguration.class]: Invocation of init method failed; nested exception is javax.persistence.PersistenceException: [PersistenceUnit: default] Unable to build Hibernate SessionFactory; nested exception is org.hibernate.MappingException: Unable to instantiate custom type: com.meike.station.dialect.JsonbType
2018-11-10 19:28:12.619 INFO  --- [HikariDataSource.java:350][restartedMain] - HikariPool-1 - Shutdown initiated...
2018-11-10 19:28:12.635 INFO  --- [HikariDataSource.java:352][restartedMain] - HikariPool-1 - Shutdown completed.
2018-11-10 19:28:12.666 ERROR --- [SpringApplication.java:858][restartedMain] - Application run failed
org.springframework.beans.factory.BeanCreationException: Error creating bean with name 'entityManagerFactory' defined in class path resource [org/springframework/boot/autoconfigure/orm/jpa/HibernateJpaConfiguration.class]: Invocation of init method failed; nested exception is javax.persistence.PersistenceException: [PersistenceUnit: default] Unable to build Hibernate SessionFactory; nested exception is org.hibernate.MappingException: Unable to instantiate custom type: com.meike.station.dialect.JsonbType
	at org.springframework.beans.factory.support.AbstractAutowireCapableBeanFactory.initializeBean(AbstractAutowireCapableBeanFactory.java:1745)
	at org.springframework.beans.factory.support.AbstractAutowireCapableBeanFactory.doCreateBean(AbstractAutowireCapableBeanFactory.java:576)
	at org.springframework.beans.factory.support.AbstractAutowireCapableBeanFactory.createBean(AbstractAutowireCapableBeanFactory.java:498)
	at org.springframework.beans.factory.support.AbstractBeanFactory.lambda$doGetBean$0(AbstractBeanFactory.java:320)
	at org.springframework.beans.factory.support.AbstractBeanFactory$$Lambda$124/537829999.getObject(Unknown Source)
	at org.springframework.beans.factory.support.DefaultSingletonBeanRegistry.getSingleton(DefaultSingletonBeanRegistry.java:222)
	at org.springframework.beans.factory.support.AbstractBeanFactory.doGetBean(AbstractBeanFactory.java:318)
	at org.springframework.beans.factory.support.AbstractBeanFactory.getBean(AbstractBeanFactory.java:199)
	at org.springframework.context.support.AbstractApplicationContext.getBean(AbstractApplicationContext.java:1083)
	at org.springframework.context.support.AbstractApplicationContext.finishBeanFactoryInitialization(AbstractApplicationContext.java:853)
	at org.springframework.context.support.AbstractApplicationContext.refresh(AbstractApplicationContext.java:546)
	at org.springframework.boot.web.servlet.context.ServletWebServerApplicationContext.refresh(ServletWebServerApplicationContext.java:140)
	at org.springframework.boot.SpringApplication.refresh(SpringApplication.java:775)
	at org.springframework.boot.SpringApplication.refreshContext(SpringApplication.java:397)
	at org.springframework.boot.SpringApplication.run(SpringApplication.java:316)
	at org.springframework.boot.SpringApplication.run(SpringApplication.java:1260)
	at org.springframework.boot.SpringApplication.run(SpringApplication.java:1248)
	at com.meike.station.StationApplication.main(StationApplication.java:10)
	at sun.reflect.NativeMethodAccessorImpl.invoke0(Native Method)
	at sun.reflect.NativeMethodAccessorImpl.invoke(Unknown Source)
	at sun.reflect.DelegatingMethodAccessorImpl.invoke(Unknown Source)
	at java.lang.reflect.Method.invoke(Unknown Source)
	at org.springframework.boot.devtools.restart.RestartLauncher.run(RestartLauncher.java:49)
Caused by: javax.persistence.PersistenceException: [PersistenceUnit: default] Unable to build Hibernate SessionFactory; nested exception is org.hibernate.MappingException: Unable to instantiate custom type: com.meike.station.dialect.JsonbType
	at org.springframework.orm.jpa.AbstractEntityManagerFactoryBean.buildNativeEntityManagerFactory(AbstractEntityManagerFactoryBean.java:402)
	at org.springframework.orm.jpa.AbstractEntityManagerFactoryBean.afterPropertiesSet(AbstractEntityManagerFactoryBean.java:377)
	at org.springframework.orm.jpa.LocalContainerEntityManagerFactoryBean.afterPropertiesSet(LocalContainerEntityManagerFactoryBean.java:341)
	at org.springframework.beans.factory.support.AbstractAutowireCapableBeanFactory.invokeInitMethods(AbstractAutowireCapableBeanFactory.java:1804)
	at org.springframework.beans.factory.support.AbstractAutowireCapableBeanFactory.initializeBean(AbstractAutowireCapableBeanFactory.java:1741)
	... 22 common frames omitted
Caused by: org.hibernate.MappingException: Unable to instantiate custom type: com.meike.station.dialect.JsonbType
	at org.hibernate.type.TypeFactory.custom(TypeFactory.java:169)
	at org.hibernate.type.TypeFactory.byClass(TypeFactory.java:74)
	at org.hibernate.type.TypeResolver.heuristicType(TypeResolver.java:126)
	at org.hibernate.mapping.SimpleValue.getType(SimpleValue.java:471)
	at org.hibernate.mapping.SimpleValue.isValid(SimpleValue.java:453)
	at org.hibernate.mapping.Property.isValid(Property.java:226)
	at org.hibernate.mapping.PersistentClass.validate(PersistentClass.java:624)
	at org.hibernate.mapping.RootClass.validate(RootClass.java:267)
	at org.hibernate.boot.internal.MetadataImpl.validate(MetadataImpl.java:347)
	at org.hibernate.boot.internal.SessionFactoryBuilderImpl.build(SessionFactoryBuilderImpl.java:466)
	at org.hibernate.jpa.boot.internal.EntityManagerFactoryBuilderImpl.build(EntityManagerFactoryBuilderImpl.java:939)
	at org.springframework.orm.jpa.vendor.SpringHibernateJpaPersistenceProvider.createContainerEntityManagerFactory(SpringHibernateJpaPersistenceProvider.java:57)
	at org.springframework.orm.jpa.LocalContainerEntityManagerFactoryBean.createNativeEntityManagerFactory(LocalContainerEntityManagerFactoryBean.java:365)
	at org.springframework.orm.jpa.AbstractEntityManagerFactoryBean.buildNativeEntityManagerFactory(AbstractEntityManagerFactoryBean.java:390)
	... 26 common frames omitted
Caused by: org.hibernate.boot.registry.classloading.spi.ClassLoadingException: Unable to load class [com.meike.station.modle.jsonb.JSONBDocument]
	at org.hibernate.boot.registry.classloading.internal.ClassLoaderServiceImpl.classForName(ClassLoaderServiceImpl.java:354)
	at com.meike.station.dialect.JsonbType.setParameterValues(JsonbType.java:168)
	at org.hibernate.type.TypeFactory.injectParameters(TypeFactory.java:109)
	at org.hibernate.type.TypeFactory.custom(TypeFactory.java:165)
	... 39 common frames omitted
Caused by: java.lang.ClassNotFoundException: Could not load requested class : com.meike.station.modle.jsonb.JSONBDocument
	at org.hibernate.boot.registry.classloading.internal.ClassLoaderServiceImpl$AggregatedClassLoader.findClass(ClassLoaderServiceImpl.java:342)
	at java.lang.ClassLoader.loadClass(Unknown Source)
	at java.lang.ClassLoader.loadClass(Unknown Source)
	at java.lang.Class.forName0(Native Method)
	at java.lang.Class.forName(Unknown Source)
	at org.hibernate.boot.registry.classloading.internal.ClassLoaderServiceImpl.classForName(ClassLoaderServiceImpl.java:351)
	... 42 common frames omitted
2018-11-10 23:18:04.727 INFO  --- [StartupInfoLogger.java:50][restartedMain] - Starting StationApplication on peng-PC with PID 13856 (started by peng in E:\_My_File_____\_work\MyCode\开发utiles\springboot\官方学习\demo-maven)
2018-11-10 23:18:04.742 INFO  --- [SpringApplication.java:675][restartedMain] - No active profile set, falling back to default profiles: default
2018-11-10 23:18:12.137 INFO  --- [HikariDataSource.java:110][restartedMain] - HikariPool-1 - Starting...
2018-11-10 23:18:12.589 INFO  --- [PoolBase.java:525][restartedMain] - HikariPool-1 - Driver does not support get/set network timeout for connections. (这个 org.postgresql.jdbc4.Jdbc4Connection.getNetworkTimeout() 方法尚未被实作。)
2018-11-10 23:18:12.620 INFO  --- [HikariDataSource.java:123][restartedMain] - HikariPool-1 - Start completed.
2018-11-10 23:18:12.839 INFO  --- [LogHelper.java:31][restartedMain] - HHH000204: Processing PersistenceUnitInfo [
	name: default
	...]
2018-11-10 23:18:13.182 INFO  --- [Version.java:46][restartedMain] - HHH000412: Hibernate Core {5.3.7.Final}
2018-11-10 23:18:13.182 INFO  --- [Environment.java:213][restartedMain] - HHH000206: hibernate.properties not found
2018-11-10 23:18:13.650 INFO  --- [JavaReflectionManager.java:49][restartedMain] - HCANN000001: Hibernate Commons Annotations {5.0.4.Final}
2018-11-10 23:18:13.868 INFO  --- [Dialect.java:157][restartedMain] - HHH000400: Using dialect: com.meike.station.jsonb.dialect.JSONBPostgreSQLDialect
2018-11-10 23:18:13.900 INFO  --- [LobCreatorBuilderImpl.java:63][restartedMain] - HHH000422: Disabling contextual LOB creation as connection was null
2018-11-10 23:18:13.900 INFO  --- [BasicTypeRegistry.java:159][restartedMain] - HHH000270: Type registration [java.util.UUID] overrides previous : org.hibernate.type.UUIDBinaryType@55a16e58
2018-11-10 23:18:14.836 WARN  --- [SqlExceptionHelper.java:230][restartedMain] - SQL Warning Code: 0, SQLState: 00000
2018-11-10 23:18:14.836 WARN  --- [SqlExceptionHelper.java:231][restartedMain] - table "city" does not exist, skipping
2018-11-10 23:18:14.867 INFO  --- [SchemaCreatorImpl.java:489][restartedMain] - HHH000476: Executing import script 'org.hibernate.tool.schema.internal.exec.ScriptSourceInputNonExistentImpl@928b9db'
2018-11-10 23:18:15.460 WARN  --- [JpaBaseConfiguration.java:234][restartedMain] - spring.jpa.open-in-view is enabled by default. Therefore, database queries may be performed during view rendering. Explicitly configure spring.jpa.open-in-view to disable this warning
2018-11-10 23:18:15.896 INFO  --- [StartupInfoLogger.java:59][restartedMain] - Started StationApplication in 12.23 seconds (JVM running for 13.624)
2018-11-10 23:41:59.324 INFO  --- [StartupInfoLogger.java:50][restartedMain] - Starting StationApplication on peng-PC with PID 14248 (started by peng in E:\_My_File_____\_work\MyCode\开发utiles\springboot\官方学习\demo-maven)
2018-11-10 23:41:59.331 INFO  --- [SpringApplication.java:675][restartedMain] - No active profile set, falling back to default profiles: default
2018-11-10 23:42:04.519 INFO  --- [HikariDataSource.java:110][restartedMain] - HikariPool-1 - Starting...
2018-11-10 23:42:04.622 INFO  --- [PoolBase.java:525][restartedMain] - HikariPool-1 - Driver does not support get/set network timeout for connections. (这个 org.postgresql.jdbc4.Jdbc4Connection.getNetworkTimeout() 方法尚未被实作。)
2018-11-10 23:42:04.655 INFO  --- [HikariDataSource.java:123][restartedMain] - HikariPool-1 - Start completed.
2018-11-10 23:42:04.745 INFO  --- [LogHelper.java:31][restartedMain] - HHH000204: Processing PersistenceUnitInfo [
	name: default
	...]
2018-11-10 23:42:04.895 INFO  --- [Version.java:46][restartedMain] - HHH000412: Hibernate Core {5.3.7.Final}
2018-11-10 23:42:04.898 INFO  --- [Environment.java:213][restartedMain] - HHH000206: hibernate.properties not found
2018-11-10 23:42:05.226 INFO  --- [JavaReflectionManager.java:49][restartedMain] - HCANN000001: Hibernate Commons Annotations {5.0.4.Final}
2018-11-10 23:42:05.442 INFO  --- [Dialect.java:157][restartedMain] - HHH000400: Using dialect: com.meike.station.jsonb.dialect.JSONBPostgreSQLDialect
2018-11-10 23:42:05.470 INFO  --- [LobCreatorBuilderImpl.java:63][restartedMain] - HHH000422: Disabling contextual LOB creation as connection was null
2018-11-10 23:42:05.480 INFO  --- [BasicTypeRegistry.java:159][restartedMain] - HHH000270: Type registration [java.util.UUID] overrides previous : org.hibernate.type.UUIDBinaryType@30932b74
2018-11-10 23:42:06.465 WARN  --- [SqlExceptionHelper.java:230][restartedMain] - SQL Warning Code: 0, SQLState: 00000
2018-11-10 23:42:06.465 WARN  --- [SqlExceptionHelper.java:231][restartedMain] - table "city" does not exist, skipping
2018-11-10 23:42:06.466 WARN  --- [SqlExceptionHelper.java:230][restartedMain] - SQL Warning Code: 0, SQLState: 00000
2018-11-10 23:42:06.467 WARN  --- [SqlExceptionHelper.java:231][restartedMain] - table "jsonb_test_entity" does not exist, skipping
2018-11-10 23:42:06.467 WARN  --- [SqlExceptionHelper.java:230][restartedMain] - SQL Warning Code: 0, SQLState: 00000
2018-11-10 23:42:06.468 WARN  --- [SqlExceptionHelper.java:231][restartedMain] - sequence "hibernate_sequence" does not exist, skipping
2018-11-10 23:42:06.561 INFO  --- [SchemaCreatorImpl.java:489][restartedMain] - HHH000476: Executing import script 'org.hibernate.tool.schema.internal.exec.ScriptSourceInputNonExistentImpl@353325bb'
2018-11-10 23:42:07.079 WARN  --- [JpaBaseConfiguration.java:234][restartedMain] - spring.jpa.open-in-view is enabled by default. Therefore, database queries may be performed during view rendering. Explicitly configure spring.jpa.open-in-view to disable this warning
2018-11-10 23:42:07.535 INFO  --- [StartupInfoLogger.java:59][restartedMain] - Started StationApplication in 9.499 seconds (JVM running for 10.545)
